c:\users\hola\desktop\alberca\residencia\residencia\debug\vc141.pdb
c:\users\hola\desktop\alberca\residencia\residencia\debug\vc141.idb
c:\users\hola\desktop\alberca\residencia\residencia\debug\camera.obj
c:\users\hola\desktop\alberca\residencia\residencia\debug\figures.obj
c:\users\hola\desktop\alberca\residencia\residencia\debug\texture.obj
c:\users\hola\desktop\alberca\residencia\residencia\debug\main2 (3).obj
c:\users\hola\desktop\alberca\residencia\debug\residencia.pdb
c:\users\hola\desktop\alberca\residencia\residencia\debug\residencia.tlog\cl.command.1.tlog
c:\users\hola\desktop\alberca\residencia\residencia\debug\residencia.tlog\cl.read.1.tlog
c:\users\hola\desktop\alberca\residencia\residencia\debug\residencia.tlog\cl.write.1.tlog
c:\users\hola\desktop\alberca\residencia\residencia\debug\residencia.tlog\link-cvtres.read.1.tlog
c:\users\hola\desktop\alberca\residencia\residencia\debug\residencia.tlog\link-cvtres.write.1.tlog
c:\users\hola\desktop\alberca\residencia\residencia\debug\residencia.tlog\link-rc.read.1.tlog
c:\users\hola\desktop\alberca\residencia\residencia\debug\residencia.tlog\link-rc.write.1.tlog
c:\users\hola\desktop\alberca\residencia\residencia\debug\residencia.tlog\link.21172-cvtres.read.1.tlog
c:\users\hola\desktop\alberca\residencia\residencia\debug\residencia.tlog\link.21172-cvtres.write.1.tlog
c:\users\hola\desktop\alberca\residencia\residencia\debug\residencia.tlog\link.21172-rc.read.1.tlog
c:\users\hola\desktop\alberca\residencia\residencia\debug\residencia.tlog\link.21172-rc.write.1.tlog
c:\users\hola\desktop\alberca\residencia\residencia\debug\residencia.tlog\link.21172.read.1.tlog
c:\users\hola\desktop\alberca\residencia\residencia\debug\residencia.tlog\link.21172.write.1.tlog
c:\users\hola\desktop\alberca\residencia\residencia\debug\residencia.tlog\link.command.1.tlog
c:\users\hola\desktop\alberca\residencia\residencia\debug\residencia.tlog\link.read.1.tlog
c:\users\hola\desktop\alberca\residencia\residencia\debug\residencia.tlog\link.write.1.tlog
